[0.023s] Invoking command in '/home/river2000/ur10_ws/build/ros2_ur_moveit_examples': CMAKE_PREFIX_PATH=${CMAKE_PREFIX_PATH}:/home/river2000/ur10_ws/src/ros2_control_demos/install/ros2_control_demo_testing:/home/river2000/ur10_ws/install/rqt_joint_trajectory_controller:/home/river2000/ur10_ws/install/rqt_controller_manager:/home/river2000/ur10_ws/install/ros2controlcli:/home/river2000/ur10_ws/install/ros2_controllers_test_nodes:/home/river2000/ur10_ws/install/ros2_control_demo_testing:/opt/ros/humble /usr/bin/cmake --build /home/river2000/ur10_ws/build/ros2_ur_moveit_examples -- -j16 -l16
[0.091s] [35m[1mConsolidate compiler generated dependencies of target hello_moveit[0m
[0.121s] [ 20%] Built target check_collisions
[0.123s] [ 40%] Built target kinematics
[0.127s] [ 60%] Built target planning_scene
[0.129s] [ 80%] Built target planning_scene_service
[0.130s] [ 90%] [32mBuilding CXX object CMakeFiles/hello_moveit.dir/src/hello_moveit.cpp.o[0m
[7.166s] [01m[K/home/river2000/ur10_ws/src/ROS2_ur_moveit_examples/src/hello_moveit.cpp:[m[K In function â€˜[01m[Kint main(int, char**)[m[Kâ€™:
[7.167s] [01m[K/home/river2000/ur10_ws/src/ROS2_ur_moveit_examples/src/hello_moveit.cpp:51:64:[m[K [01;31m[Kerror: [m[Kno matching function for call to â€˜[01m[Kmoveit::planning_interface::MoveGroupInterface::computeCartesianPath(std::vector<geometry_msgs::msg::Pose_<std::allocator<void> > >&, double, double)[m[Kâ€™
[7.167s]    51 |     double fraction = [01;31m[Kmove_group_interface.computeCartesianPath([m[K
[7.167s]       |                       [01;31m[K~~~~~~~~~~~~~~~~~~~~~~~~~~~~~~~~~~~~~~~~~^[m[K
[7.167s]    52 | [01;31m[K        waypoints,  // Waypoints[m[K
[7.167s]       |         [01;31m[K~~~~~~~~~~~~~~~~~~~~~~~~[m[K                                
[7.167s]    53 | [01;31m[K        0.01,       // EEF step (meters)[m[K
[7.167s]       |         [01;31m[K~~~~~~~~~~~~~~~~~~~~~~~~~~~~~~~~[m[K                        
[7.168s]    54 | [01;31m[K        0.0         // Jump threshold[m[K
[7.168s]       |         [01;31m[K~~~~~~~~~~~~~~~~~~~~~~~~~~~~~[m[K                           
[7.168s]    55 | [01;31m[K    )[m[K;
[7.168s]       |     [01;31m[K~[m[K                                                           
[7.168s] In file included from [01m[K/home/river2000/ur10_ws/src/ROS2_ur_moveit_examples/src/hello_moveit.cpp:3[m[K:
[7.168s] [01m[K/opt/ros/humble/include/moveit/move_group_interface/move_group_interface.h:743:10:[m[K [01;36m[Knote: [m[Kcandidate: â€˜[01m[Kdouble moveit::planning_interface::MoveGroupInterface::computeCartesianPath(const std::vector<geometry_msgs::msg::Pose_<std::allocator<void> > >&, double, double, moveit_msgs::msg::RobotTrajectory&, bool, moveit_msgs::msg::MoveItErrorCodes*)[m[Kâ€™
[7.168s]   743 |   double [01;36m[KcomputeCartesianPath[m[K(const std::vector<geometry_msgs::msg::Pose>& waypoints, double eef_step,
[7.168s]       |          [01;36m[K^~~~~~~~~~~~~~~~~~~~[m[K
[7.169s] [01m[K/opt/ros/humble/include/moveit/move_group_interface/move_group_interface.h:743:10:[m[K [01;36m[Knote: [m[K  candidate expects 6 arguments, 3 provided
[7.169s] [01m[K/opt/ros/humble/include/moveit/move_group_interface/move_group_interface.h:759:10:[m[K [01;36m[Knote: [m[Kcandidate: â€˜[01m[Kdouble moveit::planning_interface::MoveGroupInterface::computeCartesianPath(const std::vector<geometry_msgs::msg::Pose_<std::allocator<void> > >&, double, double, moveit_msgs::msg::RobotTrajectory&, const Constraints&, bool, moveit_msgs::msg::MoveItErrorCodes*)[m[Kâ€™
[7.169s]   759 |   double [01;36m[KcomputeCartesianPath[m[K(const std::vector<geometry_msgs::msg::Pose>& waypoints, double eef_step,
[7.169s]       |          [01;36m[K^~~~~~~~~~~~~~~~~~~~[m[K
[7.169s] [01m[K/opt/ros/humble/include/moveit/move_group_interface/move_group_interface.h:759:10:[m[K [01;36m[Knote: [m[K  candidate expects 7 arguments, 3 provided
[7.169s] [01m[K/home/river2000/ur10_ws/src/ROS2_ur_moveit_examples/src/hello_moveit.cpp:68:99:[m[K [01;31m[Kerror: [m[Kno match for â€˜[01m[Koperator=[m[Kâ€™ (operand types are â€˜[01m[Kmoveit_msgs::msg::RobotTrajectory[m[Kâ€™ {aka â€˜[01m[Kmoveit_msgs::msg::RobotTrajectory_<std::allocator<void> >[m[Kâ€™} and â€˜[01m[Kconst moveit::core::JointModelGroup*[m[Kâ€™)
[7.169s]    68 |     plan.trajectory_ = move_group_interface.getCurrentState()->getJointModelGroup("ur_manipulator"[01;31m[K)[m[K;
[7.169s]       |                                                                                                   [01;31m[K^[m[K
[7.169s] In file included from [01m[K/opt/ros/humble/include/moveit_msgs/moveit_msgs/msg/robot_trajectory.hpp:7[m[K,
[7.170s]                  from [01m[K/opt/ros/humble/include/moveit/move_group_interface/move_group_interface.h:43[m[K,
[7.170s]                  from [01m[K/home/river2000/ur10_ws/src/ROS2_ur_moveit_examples/src/hello_moveit.cpp:3[m[K:
[7.170s] [01m[K/opt/ros/humble/include/moveit_msgs/moveit_msgs/msg/detail/robot_trajectory__struct.hpp:38:8:[m[K [01;36m[Knote: [m[Kcandidate: â€˜[01m[Kmoveit_msgs::msg::RobotTrajectory_<std::allocator<void> >& moveit_msgs::msg::RobotTrajectory_<std::allocator<void> >::operator=(const moveit_msgs::msg::RobotTrajectory_<std::allocator<void> >&)[m[Kâ€™
[7.170s]    38 | struct [01;36m[KRobotTrajectory_[m[K
[7.170s]       |        [01;36m[K^~~~~~~~~~~~~~~~[m[K
[7.170s] [01m[K/opt/ros/humble/include/moveit_msgs/moveit_msgs/msg/detail/robot_trajectory__struct.hpp:38:8:[m[K [01;36m[Knote: [m[K  no known conversion for argument 1 from â€˜[01m[Kconst moveit::core::JointModelGroup*[m[Kâ€™ to â€˜[01m[Kconst moveit_msgs::msg::RobotTrajectory_<std::allocator<void> >&[m[Kâ€™
[7.170s] [01m[K/opt/ros/humble/include/moveit_msgs/moveit_msgs/msg/detail/robot_trajectory__struct.hpp:38:8:[m[K [01;36m[Knote: [m[Kcandidate: â€˜[01m[Kmoveit_msgs::msg::RobotTrajectory_<std::allocator<void> >& moveit_msgs::msg::RobotTrajectory_<std::allocator<void> >::operator=(moveit_msgs::msg::RobotTrajectory_<std::allocator<void> >&&)[m[Kâ€™
[7.170s] [01m[K/opt/ros/humble/include/moveit_msgs/moveit_msgs/msg/detail/robot_trajectory__struct.hpp:38:8:[m[K [01;36m[Knote: [m[K  no known conversion for argument 1 from â€˜[01m[Kconst moveit::core::JointModelGroup*[m[Kâ€™ to â€˜[01m[Kmoveit_msgs::msg::RobotTrajectory_<std::allocator<void> >&&[m[Kâ€™
[7.170s] gmake[2]: *** [CMakeFiles/hello_moveit.dir/build.make:76: CMakeFiles/hello_moveit.dir/src/hello_moveit.cpp.o] Error 1
[7.171s] gmake[1]: *** [CMakeFiles/Makefile2:145: CMakeFiles/hello_moveit.dir/all] Error 2
[7.171s] gmake: *** [Makefile:146: all] Error 2
[7.176s] Invoked command in '/home/river2000/ur10_ws/build/ros2_ur_moveit_examples' returned '2': CMAKE_PREFIX_PATH=${CMAKE_PREFIX_PATH}:/home/river2000/ur10_ws/src/ros2_control_demos/install/ros2_control_demo_testing:/home/river2000/ur10_ws/install/rqt_joint_trajectory_controller:/home/river2000/ur10_ws/install/rqt_controller_manager:/home/river2000/ur10_ws/install/ros2controlcli:/home/river2000/ur10_ws/install/ros2_controllers_test_nodes:/home/river2000/ur10_ws/install/ros2_control_demo_testing:/opt/ros/humble /usr/bin/cmake --build /home/river2000/ur10_ws/build/ros2_ur_moveit_examples -- -j16 -l16
