-- The C compiler identification is GNU 12.3.0
-- The CXX compiler identification is GNU 11.4.0
-- Detecting C compiler ABI info
-- Detecting C compiler ABI info - done
-- Check for working C compiler: /usr/lib/ccache/cc - skipped
-- Detecting C compile features
-- Detecting C compile features - done
-- Detecting CXX compiler ABI info
-- Detecting CXX compiler ABI info - done
-- Check for working CXX compiler: /usr/lib/ccache/g++ - skipped
-- Detecting CXX compile features
-- Detecting CXX compile features - done
-- Found Boost: /usr/lib/x86_64-linux-gnu/cmake/Boost-1.74.0/BoostConfig.cmake (found version "1.74.0") found components: system filesystem date_time thread 
-- Found ament_cmake: 1.3.11 (/opt/ros/humble/share/ament_cmake/cmake)
-- Found Python3: /usr/bin/python3 (found version "3.10.12") found components: Interpreter 
-- Override CMake install command with custom implementation using symlinks instead of copying resources
-- Found control_msgs: 4.7.0 (/opt/ros/humble/share/control_msgs/cmake)
-- Found rosidl_generator_c: 3.1.6 (/opt/ros/humble/share/rosidl_generator_c/cmake)
-- Found rosidl_adapter: 3.1.6 (/opt/ros/humble/share/rosidl_adapter/cmake)
-- Found rosidl_generator_cpp: 3.1.6 (/opt/ros/humble/share/rosidl_generator_cpp/cmake)
-- Using all available rosidl_typesupport_c: rosidl_typesupport_fastrtps_c;rosidl_typesupport_introspection_c
-- Using all available rosidl_typesupport_cpp: rosidl_typesupport_fastrtps_cpp;rosidl_typesupport_introspection_cpp
-- Found moveit_common: 2.5.6 (/opt/ros/humble/share/moveit_common/cmake)
-- Found moveit_core: 2.5.6 (/opt/ros/humble/share/moveit_core/cmake)
-- Found Boost: /usr/lib/x86_64-linux-gnu/cmake/Boost-1.74.0/BoostConfig.cmake (found version "1.74.0") found components: chrono date_time filesystem iostreams program_options regex serialization system thread 
-- Found parameter_traits: 0.3.9 (/opt/ros/humble/share/parameter_traits/cmake)
-- Found rmw_implementation_cmake: 6.1.2 (/opt/ros/humble/share/rmw_implementation_cmake/cmake)
-- Found rmw_fastrtps_cpp: 6.2.7 (/opt/ros/humble/share/rmw_fastrtps_cpp/cmake)
-- Found OpenSSL: /usr/lib/x86_64-linux-gnu/libcrypto.so (found version "3.0.2")  
-- Found FastRTPS: /opt/ros/humble/include  
-- Using RMW implementation 'rmw_fastrtps_cpp' as default
-- Found Threads: TRUE  
-- Found Eigen3: TRUE (found version "3.4.0") 
-- Found rclcpp_lifecycle: 16.0.11 (/opt/ros/humble/share/rclcpp_lifecycle/cmake)
-- Found Boost: /usr/lib/x86_64-linux-gnu/cmake/Boost-1.74.0/BoostConfig.cmake (found version "1.74.0") found components: filesystem 
-- library: /usr/lib/x86_64-linux-gnu/libcurl.so
-- Ensuring Eigen3 include directory is part of orocos-kdl CMake target
-- Found moveit_ros_planning: 2.5.6 (/opt/ros/humble/share/moveit_ros_planning/cmake)
-- Found Boost: /usr/lib/x86_64-linux-gnu/cmake/Boost-1.74.0/BoostConfig.cmake (found version "1.74.0") found components: system filesystem date_time program_options thread chrono 
-- Found moveit_ros_planning_interface: 2.5.6 (/opt/ros/humble/share/moveit_ros_planning_interface/cmake)
-- Found Boost: /usr/lib/x86_64-linux-gnu/cmake/Boost-1.74.0/BoostConfig.cmake (found version "1.74.0") found components: date_time filesystem program_options system thread 
-- Found Boost: /usr/lib/x86_64-linux-gnu/cmake/Boost-1.74.0/BoostConfig.cmake (found version "1.74.0") found components: thread system filesystem regex date_time program_options 
-- Found Boost: /usr/lib/x86_64-linux-gnu/cmake/Boost-1.74.0/BoostConfig.cmake (found version "1.74.0") found components: system filesystem date_time program_options thread 
-- Found moveit_servo: 2.5.6 (/opt/ros/humble/share/moveit_servo/cmake)
-- Found interactive_markers: 2.3.2 (/opt/ros/humble/share/interactive_markers/cmake)
-- Found rviz_visual_tools: 4.1.4 (/opt/ros/humble/share/rviz_visual_tools/cmake)
-- Setting assimp_DIR to: '/opt/ros/humble/share/rviz_assimp_vendor/cmake/../../../opt/rviz_assimp_vendor/lib/cmake/assimp-4.1'
-- Setting OGRE_DIR to: '/opt/ros/humble/share/rviz_ogre_vendor/cmake/../../../opt/rviz_ogre_vendor/lib/OGRE/cmake'
-- Found OGRE
--   static     : OFF
--   components : HLMS;MeshLodGenerator;Overlay;Paging;Property;RTShaderSystem;Terrain;Volume
--   plugins    : Plugin_BSPSceneManager;Plugin_OctreeSceneManager;Plugin_PCZSceneManager;Plugin_ParticleFX;RenderSystem_GL;RenderSystem_GL3Plus;Codec_STBI
--   media      : /opt/ros/humble/opt/rviz_ogre_vendor/share/OGRE/Media
-- OGRE_LIBRARIES: OgreHLMS;OgreMeshLodGenerator;OgreOverlay;OgrePaging;OgreProperty;OgreRTShaderSystem;OgreTerrain;OgreVolume;OgreMain
-- OGRE_LIBRARY_DIRS: /opt/ros/humble/opt/rviz_ogre_vendor/lib
-- OGRE_PLUGINS: Plugin_BSPSceneManager;Plugin_OctreeSceneManager;Plugin_PCZSceneManager;Plugin_ParticleFX;RenderSystem_GL;RenderSystem_GL3Plus;Codec_STBI
-- OGRE_PLUGIN_DIR: /opt/ros/humble/opt/rviz_ogre_vendor/lib/OGRE
-- rviz_ogre_vendor::OgreOverlay for IMPORTED_LOCATION_RELEASE: /opt/ros/humble/opt/rviz_ogre_vendor/lib/libOgreOverlay.so
-- rviz_ogre_vendor::OgreOverlay for IMPORTED_LOCATION_DEBUG: /opt/ros/humble/opt/rviz_ogre_vendor/lib/libOgreOverlay.so
-- rviz_ogre_vendor::OgreMain for IMPORTED_LOCATION_RELEASE: /opt/ros/humble/opt/rviz_ogre_vendor/lib/libOgreMain.so
-- rviz_ogre_vendor::OgreMain for IMPORTED_LOCATION_DEBUG: /opt/ros/humble/opt/rviz_ogre_vendor/lib/libOgreMain.so
-- Found ZLIB: /usr/lib/x86_64-linux-gnu/libz.so (found version "1.2.11") 
-- Found OpenGL: /usr/lib/x86_64-linux-gnu/libOpenGL.so   
-- Found X11: /usr/include   
-- Looking for XOpenDisplay in /usr/lib/x86_64-linux-gnu/libX11.so;/usr/lib/x86_64-linux-gnu/libXext.so
-- Looking for XOpenDisplay in /usr/lib/x86_64-linux-gnu/libX11.so;/usr/lib/x86_64-linux-gnu/libXext.so - found
-- Looking for gethostbyname
-- Looking for gethostbyname - found
-- Looking for connect
-- Looking for connect - found
-- Looking for remove
-- Looking for remove - found
-- Looking for shmat
-- Looking for shmat - found
-- Looking for IceConnectionNumber in ICE
-- Looking for IceConnectionNumber in ICE - found
-- Found moveit_visual_tools: 4.1.1 (/opt/ros/humble/share/moveit_visual_tools/cmake)
-- Found ament_lint_auto: 0.12.11 (/opt/ros/humble/share/ament_lint_auto/cmake)
-- Added test 'cppcheck' to perform static code analysis on C / C++ code
-- Configured cppcheck include dirs: /home/river2000/ur10_ws/src/ROS2_ur_moveit_examples/include
-- Configured cppcheck exclude dirs and/or files: 
-- Added test 'flake8' to check Python code syntax and style conventions
-- Added test 'lint_cmake' to check CMake code style
-- Added test 'pep257' to check Python code against some of the docstring style conventions in PEP 257
-- Added test 'uncrustify' to check C / C++ code style
-- Configured uncrustify additional arguments: 
-- Added test 'xmllint' to check XML markup files
-- Configuring done
-- Generating done
-- Build files have been written to: /home/river2000/ur10_ws/build/ros2_ur_moveit_examples
[ 10%] [32mBuilding CXX object CMakeFiles/check_collisions.dir/src/check_collisions.cpp.o[0m
[ 20%] [32mBuilding CXX object CMakeFiles/kinematics.dir/src/kinematics.cpp.o[0m
[ 30%] [32mBuilding CXX object CMakeFiles/planning_scene_service.dir/src/planning_scene_service.cpp.o[0m
[ 40%] [32mBuilding CXX object CMakeFiles/planning_scene.dir/src/planning_scene.cpp.o[0m
[ 50%] [32mBuilding CXX object CMakeFiles/hello_moveit.dir/src/hello_moveit.cpp.o[0m
[ 60%] [32m[1mLinking CXX executable check_collisions[0m
[ 80%] [32m[1mLinking CXX executable planning_scene_service[0m
[ 80%] [32m[1mLinking CXX executable kinematics[0m
[ 90%] [32m[1mLinking CXX executable planning_scene[0m
[ 90%] Built target check_collisions
[ 90%] Built target kinematics
[ 90%] Built target planning_scene_service
[ 90%] Built target planning_scene
[01m[K/home/river2000/ur10_ws/src/ROS2_ur_moveit_examples/src/hello_moveit.cpp:[m[K In function â€˜[01m[Kint main(int, char**)[m[Kâ€™:
[01m[K/home/river2000/ur10_ws/src/ROS2_ur_moveit_examples/src/hello_moveit.cpp:51:64:[m[K [01;31m[Kerror: [m[Kno matching function for call to â€˜[01m[Kmoveit::planning_interface::MoveGroupInterface::computeCartesianPath(std::vector<geometry_msgs::msg::Pose_<std::allocator<void> > >&, double, double)[m[Kâ€™
   51 |     double fraction = [01;31m[Kmove_group_interface.computeCartesianPath([m[K
      |                       [01;31m[K~~~~~~~~~~~~~~~~~~~~~~~~~~~~~~~~~~~~~~~~~^[m[K
   52 | [01;31m[K        waypoints,  // Waypoints[m[K
      |         [01;31m[K~~~~~~~~~~~~~~~~~~~~~~~~[m[K                                
   53 | [01;31m[K        0.01,       // EEF step (meters)[m[K
      |         [01;31m[K~~~~~~~~~~~~~~~~~~~~~~~~~~~~~~~~[m[K                        
   54 | [01;31m[K        0.0         // Jump threshold[m[K
      |         [01;31m[K~~~~~~~~~~~~~~~~~~~~~~~~~~~~~[m[K                           
   55 | [01;31m[K    )[m[K;
      |     [01;31m[K~[m[K                                                           
In file included from [01m[K/home/river2000/ur10_ws/src/ROS2_ur_moveit_examples/src/hello_moveit.cpp:3[m[K:
[01m[K/opt/ros/humble/include/moveit/move_group_interface/move_group_interface.h:743:10:[m[K [01;36m[Knote: [m[Kcandidate: â€˜[01m[Kdouble moveit::planning_interface::MoveGroupInterface::computeCartesianPath(const std::vector<geometry_msgs::msg::Pose_<std::allocator<void> > >&, double, double, moveit_msgs::msg::RobotTrajectory&, bool, moveit_msgs::msg::MoveItErrorCodes*)[m[Kâ€™
  743 |   double [01;36m[KcomputeCartesianPath[m[K(const std::vector<geometry_msgs::msg::Pose>& waypoints, double eef_step,
      |          [01;36m[K^~~~~~~~~~~~~~~~~~~~[m[K
[01m[K/opt/ros/humble/include/moveit/move_group_interface/move_group_interface.h:743:10:[m[K [01;36m[Knote: [m[K  candidate expects 6 arguments, 3 provided
[01m[K/opt/ros/humble/include/moveit/move_group_interface/move_group_interface.h:759:10:[m[K [01;36m[Knote: [m[Kcandidate: â€˜[01m[Kdouble moveit::planning_interface::MoveGroupInterface::computeCartesianPath(const std::vector<geometry_msgs::msg::Pose_<std::allocator<void> > >&, double, double, moveit_msgs::msg::RobotTrajectory&, const Constraints&, bool, moveit_msgs::msg::MoveItErrorCodes*)[m[Kâ€™
  759 |   double [01;36m[KcomputeCartesianPath[m[K(const std::vector<geometry_msgs::msg::Pose>& waypoints, double eef_step,
      |          [01;36m[K^~~~~~~~~~~~~~~~~~~~[m[K
[01m[K/opt/ros/humble/include/moveit/move_group_interface/move_group_interface.h:759:10:[m[K [01;36m[Knote: [m[K  candidate expects 7 arguments, 3 provided
[01m[K/home/river2000/ur10_ws/src/ROS2_ur_moveit_examples/src/hello_moveit.cpp:68:99:[m[K [01;31m[Kerror: [m[Kno match for â€˜[01m[Koperator=[m[Kâ€™ (operand types are â€˜[01m[Kmoveit_msgs::msg::RobotTrajectory[m[Kâ€™ {aka â€˜[01m[Kmoveit_msgs::msg::RobotTrajectory_<std::allocator<void> >[m[Kâ€™} and â€˜[01m[Kconst moveit::core::JointModelGroup*[m[Kâ€™)
   68 |     plan.trajectory_ = move_group_interface.getCurrentState()->getJointModelGroup("ur_manipulator"[01;31m[K)[m[K;
      |                                                                                                   [01;31m[K^[m[K
In file included from [01m[K/opt/ros/humble/include/moveit_msgs/moveit_msgs/msg/robot_trajectory.hpp:7[m[K,
                 from [01m[K/opt/ros/humble/include/moveit/move_group_interface/move_group_interface.h:43[m[K,
                 from [01m[K/home/river2000/ur10_ws/src/ROS2_ur_moveit_examples/src/hello_moveit.cpp:3[m[K:
[01m[K/opt/ros/humble/include/moveit_msgs/moveit_msgs/msg/detail/robot_trajectory__struct.hpp:38:8:[m[K [01;36m[Knote: [m[Kcandidate: â€˜[01m[Kmoveit_msgs::msg::RobotTrajectory_<std::allocator<void> >& moveit_msgs::msg::RobotTrajectory_<std::allocator<void> >::operator=(const moveit_msgs::msg::RobotTrajectory_<std::allocator<void> >&)[m[Kâ€™
   38 | struct [01;36m[KRobotTrajectory_[m[K
      |        [01;36m[K^~~~~~~~~~~~~~~~[m[K
[01m[K/opt/ros/humble/include/moveit_msgs/moveit_msgs/msg/detail/robot_trajectory__struct.hpp:38:8:[m[K [01;36m[Knote: [m[K  no known conversion for argument 1 from â€˜[01m[Kconst moveit::core::JointModelGroup*[m[Kâ€™ to â€˜[01m[Kconst moveit_msgs::msg::RobotTrajectory_<std::allocator<void> >&[m[Kâ€™
[01m[K/opt/ros/humble/include/moveit_msgs/moveit_msgs/msg/detail/robot_trajectory__struct.hpp:38:8:[m[K [01;36m[Knote: [m[Kcandidate: â€˜[01m[Kmoveit_msgs::msg::RobotTrajectory_<std::allocator<void> >& moveit_msgs::msg::RobotTrajectory_<std::allocator<void> >::operator=(moveit_msgs::msg::RobotTrajectory_<std::allocator<void> >&&)[m[Kâ€™
[01m[K/opt/ros/humble/include/moveit_msgs/moveit_msgs/msg/detail/robot_trajectory__struct.hpp:38:8:[m[K [01;36m[Knote: [m[K  no known conversion for argument 1 from â€˜[01m[Kconst moveit::core::JointModelGroup*[m[Kâ€™ to â€˜[01m[Kmoveit_msgs::msg::RobotTrajectory_<std::allocator<void> >&&[m[Kâ€™
gmake[2]: *** [CMakeFiles/hello_moveit.dir/build.make:76: CMakeFiles/hello_moveit.dir/src/hello_moveit.cpp.o] Error 1
gmake[1]: *** [CMakeFiles/Makefile2:145: CMakeFiles/hello_moveit.dir/all] Error 2
gmake: *** [Makefile:146: all] Error 2
